Arguments: 
  /usr/local/Cellar/node/13.11.0/bin/node /usr/local/Cellar/yarn/1.22.4/libexec/bin/yarn.js run v1.22.4

PATH: 
  /Users/sebblanchet/.rvm/gems/ruby-2.6.5/bin:/Users/sebblanchet/.rvm/gems/ruby-2.6.5@global/bin:/Users/sebblanchet/.rvm/rubies/ruby-2.6.5/bin:/Users/sebblanchet/.rvm/bin:/Users/sebblanchet/.cargo/bin:/usr/local/bin:/usr/bin:/bin:/usr/sbin:/sbin:/Library/TeX/texbin:/usr/local/share/dotnet:/opt/X11/bin:~/.dotnet/tools:/Library/Frameworks/Mono.framework/Versions/Current/Commands

Yarn version: 
  1.22.4

Node version: 
  13.11.0

Platform: 
  darwin x64

Trace: 
  SyntaxError: /Users/sebblanchet/Sandbox/package.json: Unexpected end of JSON input
      at JSON.parse (<anonymous>)
      at /usr/local/Cellar/yarn/1.22.4/libexec/lib/cli.js:1625:59
      at Generator.next (<anonymous>)
      at step (/usr/local/Cellar/yarn/1.22.4/libexec/lib/cli.js:310:30)
      at /usr/local/Cellar/yarn/1.22.4/libexec/lib/cli.js:321:13

npm manifest: 
  {
    "name": "rails_vuejs",
    "private": true,
    "dependencies": {
      "@rails/ujs": "^6.0.0",
      "turbolinks": "^5.2.0",
      "@rails/activestorage": "^6.0.0",
      "@rails/actioncable": "^6.0.0"
    },
    "version": "0.1.0"
  }

yarn manifest: 
  No manifest

Lockfile: 
  No lockfile
